[INFO] Scanning for projects...
[INFO] ------------------------------------------------------------------------
[INFO] Reactor Build Order:
[INFO] 
[INFO] RecordCompanion                                                    [pom]
[INFO] RecordCompanion Annotations                                        [jar]
[INFO] RecordCompanion Processor                                          [jar]
[INFO] RecordCompanion Tests                                              [jar]
[INFO] 
[INFO] ------------< io.github.record-companion:record-companion >-------------
[INFO] Building RecordCompanion 1.0.0-SNAPSHOT                            [1/4]
[INFO]   from pom.xml
[INFO] --------------------------------[ pom ]---------------------------------
[INFO] 
[INFO] ------< io.github.record-companion:record-companion-annotations >-------
[INFO] Building RecordCompanion Annotations 1.0.0-SNAPSHOT                [2/4]
[INFO]   from record-companion-annotations/pom.xml
[INFO] --------------------------------[ jar ]---------------------------------
[INFO] 
[INFO] --- resources:3.3.1:resources (default-resources) @ record-companion-annotations ---
[INFO] skip non existing resourceDirectory /home/agavrilov/personal/git/record-companion/record-companion-annotations/src/main/resources
[INFO] 
[INFO] --- compiler:3.11.0:compile (default-compile) @ record-companion-annotations ---
[INFO] Nothing to compile - all classes are up to date
[INFO] 
[INFO] --- resources:3.3.1:testResources (default-testResources) @ record-companion-annotations ---
[INFO] skip non existing resourceDirectory /home/agavrilov/personal/git/record-companion/record-companion-annotations/src/test/resources
[INFO] 
[INFO] --- compiler:3.11.0:testCompile (default-testCompile) @ record-companion-annotations ---
[INFO] No sources to compile
[INFO] 
[INFO] -------< io.github.record-companion:record-companion-processor >--------
[INFO] Building RecordCompanion Processor 1.0.0-SNAPSHOT                  [3/4]
[INFO]   from record-companion-processor/pom.xml
[INFO] --------------------------------[ jar ]---------------------------------
[INFO] 
[INFO] --- resources:3.3.1:resources (default-resources) @ record-companion-processor ---
[INFO] Copying 1 resource from src/main/resources to target/classes
[INFO] 
[INFO] --- compiler:3.11.0:compile (default-compile) @ record-companion-processor ---
[INFO] Changes detected - recompiling the module! :source
[INFO] Compiling 2 source files with javac [debug release 17] to target/classes
[INFO] 
[INFO] --- resources:3.3.1:testResources (default-testResources) @ record-companion-processor ---
[INFO] skip non existing resourceDirectory /home/agavrilov/personal/git/record-companion/record-companion-processor/src/test/resources
[INFO] 
[INFO] --- compiler:3.11.0:testCompile (default-testCompile) @ record-companion-processor ---
[INFO] No sources to compile
[INFO] 
[INFO] ---------< io.github.record-companion:record-companion-tests >----------
[INFO] Building RecordCompanion Tests 1.0.0-SNAPSHOT                      [4/4]
[INFO]   from record-companion-tests/pom.xml
[INFO] --------------------------------[ jar ]---------------------------------
[INFO] 
[INFO] --- resources:3.3.1:resources (default-resources) @ record-companion-tests ---
[INFO] skip non existing resourceDirectory /home/agavrilov/personal/git/record-companion/record-companion-tests/src/main/resources
[INFO] 
[INFO] --- compiler:3.11.0:compile (default-compile) @ record-companion-tests ---
[INFO] No sources to compile
[INFO] 
[INFO] --- resources:3.3.1:testResources (default-testResources) @ record-companion-tests ---
[INFO] skip non existing resourceDirectory /home/agavrilov/personal/git/record-companion/record-companion-tests/src/test/resources
[INFO] 
[INFO] --- compiler:3.11.0:testCompile (default-testCompile) @ record-companion-tests ---
[INFO] Changes detected - recompiling the module! :dependency
[INFO] Compiling 13 source files with javac [debug release 17] to target/test-classes
[INFO] ------------------------------------------------------------------------
[INFO] Reactor Summary for RecordCompanion 1.0.0-SNAPSHOT:
[INFO] 
[INFO] RecordCompanion .................................... SUCCESS [  0.002 s]
[INFO] RecordCompanion Annotations ........................ SUCCESS [  0.252 s]
[INFO] RecordCompanion Processor .......................... SUCCESS [  0.557 s]
[INFO] RecordCompanion Tests .............................. FAILURE [  0.134 s]
[INFO] ------------------------------------------------------------------------
[INFO] BUILD FAILURE
[INFO] ------------------------------------------------------------------------
[INFO] Total time:  1.012 s
[INFO] Finished at: 2025-08-13T18:58:20+02:00
[INFO] ------------------------------------------------------------------------
[ERROR] Failed to execute goal org.apache.maven.plugins:maven-compiler-plugin:3.11.0:testCompile (default-testCompile) on project record-companion-tests: Fatal error compiling: java.lang.IllegalArgumentException: array types cannot be represented as a ClassName -> [Help 1]
[ERROR] 
[ERROR] To see the full stack trace of the errors, re-run Maven with the -e switch.
[ERROR] Re-run Maven using the -X switch to enable full debug logging.
[ERROR] 
[ERROR] For more information about the errors and possible solutions, please read the following articles:
[ERROR] [Help 1] http://cwiki.apache.org/confluence/display/MAVEN/MojoExecutionException
[ERROR] 
[ERROR] After correcting the problems, you can resume the build with the command
[ERROR]   mvn <args> -rf :record-companion-tests
